
=== Mon Oct 19 14:03:53 2020

Packages were changed.
Update Mode: mergeDefaultDependencies

The following packages were added:
  com.unity.collab-proxy@1.3.8
  com.unity.ide.rider@1.2.1
  com.unity.ide.visualstudio@2.0.2
  com.unity.ide.vscode@1.2.1
  com.unity.modules.ai@1.0.0
  com.unity.modules.androidjni@1.0.0
  com.unity.modules.animation@1.0.0
  com.unity.modules.assetbundle@1.0.0
  com.unity.modules.audio@1.0.0
  com.unity.modules.cloth@1.0.0
  com.unity.modules.director@1.0.0
  com.unity.modules.imageconversion@1.0.0
  com.unity.modules.imgui@1.0.0
  com.unity.modules.jsonserialize@1.0.0
  com.unity.modules.particlesystem@1.0.0
  com.unity.modules.physics@1.0.0
  com.unity.modules.physics2d@1.0.0
  com.unity.modules.screencapture@1.0.0
  com.unity.modules.terrain@1.0.0
  com.unity.modules.terrainphysics@1.0.0
  com.unity.modules.tilemap@1.0.0
  com.unity.modules.ui@1.0.0
  com.unity.modules.uielements@1.0.0
  com.unity.modules.umbra@1.0.0
  com.unity.modules.unityanalytics@1.0.0
  com.unity.modules.unitywebrequest@1.0.0
  com.unity.modules.unitywebrequestassetbundle@1.0.0
  com.unity.modules.unitywebrequestaudio@1.0.0
  com.unity.modules.unitywebrequesttexture@1.0.0
  com.unity.modules.unitywebrequestwww@1.0.0
  com.unity.modules.vehicles@1.0.0
  com.unity.modules.video@1.0.0
  com.unity.modules.vr@1.0.0
  com.unity.modules.wind@1.0.0
  com.unity.modules.xr@1.0.0
  com.unity.test-framework@1.1.16
  com.unity.textmeshpro@3.0.1
  com.unity.timeline@1.3.4
  com.unity.ugui@1.0.0
The following packages were updated:
  com.unity.2d.spriteshape from version 4.1.1 to 4.1.2

=== Tue Sep 14 13:42:23 2021

Packages were changed.
Update Mode: updateDependencies

The following packages were updated:
  com.unity.2d.animation from version 4.2.4 to 6.0.5
  com.unity.2d.pixel-perfect from version 3.0.2 to 5.0.1
  com.unity.2d.psdimporter from version 3.1.4 to 5.0.4
  com.unity.2d.spriteshape from version 4.1.2 to 6.0.1
  com.unity.cinemachine from version 2.6.5 to 2.7.8
  com.unity.collab-proxy from version 1.3.8 to 1.9.0
  com.unity.ide.rider from version 1.2.1 to 3.0.7
  com.unity.ide.visualstudio from version 2.0.2 to 2.0.11
  com.unity.test-framework from version 1.1.24 to 1.1.29
  com.unity.testtools.codecoverage from version 1.0.0 to 1.0.1
  com.unity.textmeshpro from version 3.0.1 to 3.0.6
  com.unity.timeline from version 1.3.4 to 1.5.6

=== Sat Oct 30 20:37:57 2021

Packages were changed.
Update Mode: updateDependencies

The following packages were updated:
  com.unity.2d.animation from version 6.0.5 to 7.0.0
  com.unity.2d.psdimporter from version 5.0.4 to 6.0.0
  com.unity.2d.spriteshape from version 6.0.1 to 7.0.0
  com.unity.cinemachine from version 2.7.8 to 2.8.0
  com.unity.collab-proxy from version 1.9.0 to 1.13.5
  com.unity.ide.vscode from version 1.2.3 to 1.2.4
  com.unity.timeline from version 1.5.6 to 1.6.2
